<?xml version="1.0" encoding="UTF-8"?>
<testsuite xmlns:xsi="http://www.w3.org/2001/XMLSchema-instance" xsi:noNamespaceSchemaLocation="https://maven.apache.org/surefire/maven-surefire-plugin/xsd/surefire-test-report-3.0.xsd" version="3.0" name="com.example.game.component.GameLogicTest" time="0.011" tests="7" errors="0" skipped="0" failures="0">
  <properties>
    <property name="java.specification.version" value="17"/>
    <property name="sun.cpu.isalist" value="amd64"/>
    <property name="sun.jnu.encoding" value="MS949"/>
    <property name="java.class.path" value="D:\GitHub\se-tetris-02\demo\target\test-classes;D:\GitHub\se-tetris-02\demo\target\classes;C:\Users\jangu\.m2\repository\org\openjfx\javafx-controls\17.0.17\javafx-controls-17.0.17.jar;C:\Users\jangu\.m2\repository\org\openjfx\javafx-controls\17.0.17\javafx-controls-17.0.17-win.jar;C:\Users\jangu\.m2\repository\org\openjfx\javafx-graphics\17.0.17\javafx-graphics-17.0.17.jar;C:\Users\jangu\.m2\repository\org\openjfx\javafx-graphics\17.0.17\javafx-graphics-17.0.17-win.jar;C:\Users\jangu\.m2\repository\org\openjfx\javafx-base\17.0.17\javafx-base-17.0.17.jar;C:\Users\jangu\.m2\repository\org\openjfx\javafx-base\17.0.17\javafx-base-17.0.17-win.jar;C:\Users\jangu\.m2\repository\org\openjfx\javafx-fxml\17.0.17\javafx-fxml-17.0.17.jar;C:\Users\jangu\.m2\repository\org\openjfx\javafx-fxml\17.0.17\javafx-fxml-17.0.17-win.jar;C:\Users\jangu\.m2\repository\org\junit\jupiter\junit-jupiter\5.10.3\junit-jupiter-5.10.3.jar;C:\Users\jangu\.m2\repository\org\junit\jupiter\junit-jupiter-api\5.10.3\junit-jupiter-api-5.10.3.jar;C:\Users\jangu\.m2\repository\org\opentest4j\opentest4j\1.3.0\opentest4j-1.3.0.jar;C:\Users\jangu\.m2\repository\org\junit\platform\junit-platform-commons\1.10.3\junit-platform-commons-1.10.3.jar;C:\Users\jangu\.m2\repository\org\apiguardian\apiguardian-api\1.1.2\apiguardian-api-1.1.2.jar;C:\Users\jangu\.m2\repository\org\junit\jupiter\junit-jupiter-params\5.10.3\junit-jupiter-params-5.10.3.jar;C:\Users\jangu\.m2\repository\org\junit\jupiter\junit-jupiter-engine\5.10.3\junit-jupiter-engine-5.10.3.jar;C:\Users\jangu\.m2\repository\org\junit\platform\junit-platform-engine\1.10.3\junit-platform-engine-1.10.3.jar;C:\Users\jangu\.m2\repository\org\testfx\testfx-core\4.0.16-alpha\testfx-core-4.0.16-alpha.jar;C:\Users\jangu\.m2\repository\org\hamcrest\hamcrest-core\1.3\hamcrest-core-1.3.jar;C:\Users\jangu\.m2\repository\org\assertj\assertj-core\3.13.2\assertj-core-3.13.2.jar;C:\Users\jangu\.m2\repository\org\testfx\testfx-junit5\4.0.16-alpha\testfx-junit5-4.0.16-alpha.jar;C:\Users\jangu\.m2\repository\org\openjfx\javafx-swing\17.0.17\javafx-swing-17.0.17.jar;C:\Users\jangu\.m2\repository\org\openjfx\javafx-swing\17.0.17\javafx-swing-17.0.17-win.jar;"/>
    <property name="java.vm.vendor" value="Eclipse Adoptium"/>
    <property name="sun.arch.data.model" value="64"/>
    <property name="user.variant" value=""/>
    <property name="java.vendor.url" value="https://adoptium.net/"/>
    <property name="user.timezone" value="Asia/Seoul"/>
    <property name="os.name" value="Windows 11"/>
    <property name="java.vm.specification.version" value="17"/>
    <property name="sun.java.launcher" value="SUN_STANDARD"/>
    <property name="user.country" value="KR"/>
    <property name="sun.boot.library.path" value="C:\Program Files\Eclipse Adoptium\jdk-17.0.16.8-hotspot\bin"/>
    <property name="sun.java.command" value="C:\Users\jangu\AppData\Local\Temp\surefire9906297309123476711\surefirebooter-20251027112925893_3.jar C:\Users\jangu\AppData\Local\Temp\surefire9906297309123476711 2025-10-27T11-29-25_767-jvmRun1 surefire-20251027112925893_1tmp surefire_0-20251027112925893_2tmp"/>
    <property name="jdk.debug" value="release"/>
    <property name="surefire.test.class.path" value="D:\GitHub\se-tetris-02\demo\target\test-classes;D:\GitHub\se-tetris-02\demo\target\classes;C:\Users\jangu\.m2\repository\org\openjfx\javafx-controls\17.0.17\javafx-controls-17.0.17.jar;C:\Users\jangu\.m2\repository\org\openjfx\javafx-controls\17.0.17\javafx-controls-17.0.17-win.jar;C:\Users\jangu\.m2\repository\org\openjfx\javafx-graphics\17.0.17\javafx-graphics-17.0.17.jar;C:\Users\jangu\.m2\repository\org\openjfx\javafx-graphics\17.0.17\javafx-graphics-17.0.17-win.jar;C:\Users\jangu\.m2\repository\org\openjfx\javafx-base\17.0.17\javafx-base-17.0.17.jar;C:\Users\jangu\.m2\repository\org\openjfx\javafx-base\17.0.17\javafx-base-17.0.17-win.jar;C:\Users\jangu\.m2\repository\org\openjfx\javafx-fxml\17.0.17\javafx-fxml-17.0.17.jar;C:\Users\jangu\.m2\repository\org\openjfx\javafx-fxml\17.0.17\javafx-fxml-17.0.17-win.jar;C:\Users\jangu\.m2\repository\org\junit\jupiter\junit-jupiter\5.10.3\junit-jupiter-5.10.3.jar;C:\Users\jangu\.m2\repository\org\junit\jupiter\junit-jupiter-api\5.10.3\junit-jupiter-api-5.10.3.jar;C:\Users\jangu\.m2\repository\org\opentest4j\opentest4j\1.3.0\opentest4j-1.3.0.jar;C:\Users\jangu\.m2\repository\org\junit\platform\junit-platform-commons\1.10.3\junit-platform-commons-1.10.3.jar;C:\Users\jangu\.m2\repository\org\apiguardian\apiguardian-api\1.1.2\apiguardian-api-1.1.2.jar;C:\Users\jangu\.m2\repository\org\junit\jupiter\junit-jupiter-params\5.10.3\junit-jupiter-params-5.10.3.jar;C:\Users\jangu\.m2\repository\org\junit\jupiter\junit-jupiter-engine\5.10.3\junit-jupiter-engine-5.10.3.jar;C:\Users\jangu\.m2\repository\org\junit\platform\junit-platform-engine\1.10.3\junit-platform-engine-1.10.3.jar;C:\Users\jangu\.m2\repository\org\testfx\testfx-core\4.0.16-alpha\testfx-core-4.0.16-alpha.jar;C:\Users\jangu\.m2\repository\org\hamcrest\hamcrest-core\1.3\hamcrest-core-1.3.jar;C:\Users\jangu\.m2\repository\org\assertj\assertj-core\3.13.2\assertj-core-3.13.2.jar;C:\Users\jangu\.m2\repository\org\testfx\testfx-junit5\4.0.16-alpha\testfx-junit5-4.0.16-alpha.jar;C:\Users\jangu\.m2\repository\org\openjfx\javafx-swing\17.0.17\javafx-swing-17.0.17.jar;C:\Users\jangu\.m2\repository\org\openjfx\javafx-swing\17.0.17\javafx-swing-17.0.17-win.jar;"/>
    <property name="sun.cpu.endian" value="little"/>
    <property name="user.home" value="C:\Users\jangu"/>
    <property name="user.language" value="ko"/>
    <property name="java.specification.vendor" value="Oracle Corporation"/>
    <property name="java.version.date" value="2025-07-15"/>
    <property name="java.home" value="C:\Program Files\Eclipse Adoptium\jdk-17.0.16.8-hotspot"/>
    <property name="file.separator" value="\"/>
    <property name="basedir" value="D:\GitHub\se-tetris-02\demo"/>
    <property name="java.vm.compressedOopsMode" value="Zero based"/>
    <property name="line.separator" value="&#10;"/>
    <property name="java.vm.specification.vendor" value="Oracle Corporation"/>
    <property name="java.specification.name" value="Java Platform API Specification"/>
    <property name="surefire.real.class.path" value="C:\Users\jangu\AppData\Local\Temp\surefire9906297309123476711\surefirebooter-20251027112925893_3.jar"/>
    <property name="user.script" value=""/>
    <property name="sun.management.compiler" value="HotSpot 64-Bit Tiered Compilers"/>
    <property name="java.runtime.version" value="17.0.16+8"/>
    <property name="user.name" value="jangu"/>
    <property name="path.separator" value=";"/>
    <property name="os.version" value="10.0"/>
    <property name="java.runtime.name" value="OpenJDK Runtime Environment"/>
    <property name="file.encoding" value="MS949"/>
    <property name="java.vm.name" value="OpenJDK 64-Bit Server VM"/>
    <property name="java.vendor.version" value="Temurin-17.0.16+8"/>
    <property name="localRepository" value="C:\Users\jangu\.m2\repository"/>
    <property name="java.vendor.url.bug" value="https://github.com/adoptium/adoptium-support/issues"/>
    <property name="java.io.tmpdir" value="C:\Users\jangu\AppData\Local\Temp\"/>
    <property name="java.version" value="17.0.16"/>
    <property name="user.dir" value="D:\GitHub\se-tetris-02\demo"/>
    <property name="os.arch" value="amd64"/>
    <property name="java.vm.specification.name" value="Java Virtual Machine Specification"/>
    <property name="sun.os.patch.level" value=""/>
    <property name="native.encoding" value="MS949"/>
    <property name="java.library.path" value="C:\Program Files\Eclipse Adoptium\jdk-17.0.16.8-hotspot\bin;C:\WINDOWS\Sun\Java\bin;C:\WINDOWS\system32;C:\WINDOWS;C:\Users\jangu\miniconda3\condabin;C:\Program Files\Eclipse Adoptium\jdk-17.0.16.8-hotspot\bin;C:\Program Files\NVIDIA\CUDNN\v9.8\bin;C:\Program Files\NVIDIA GPU Computing Toolkit\CUDA\v12.6\bin;C:\Program Files\NVIDIA GPU Computing Toolkit\CUDA\v12.6\libnvvp;C:\WINDOWS\system32;C:\WINDOWS;C:\WINDOWS\System32\Wbem;C:\WINDOWS\System32\WindowsPowerShell\v1.0\;C:\WINDOWS\System32\OpenSSH\;C:\Program Files\NVIDIA Corporation\NVIDIA app\NvDLISR;C:\Program Files (x86)\NVIDIA Corporation\PhysX\Common;C:\Program Files\nodejs\;C:\Program Files\dotnet\;C:\Program Files\Git\cmd;C:\Users\jangu\AppData\Local\Packages\PythonSoftwareFoundation.Python.3.13_qbz5n2kfra8p0\LocalCache\local-packages\Python313\Scripts\;C:\Users\jangu\AppData\Local\Packages\PythonSoftwareFoundation.Python.3.13_qbz5n2kfra8p0\LocalCache\local-packages\Python313\;C:\Program Files\NVIDIA Corporation\Nsight Compute 2024.3.2\;C:\Program Files\Java\jdk-25\bin;%GRADLE_HOME%\bin;C:\Program Files\gradle-9.1.0\bin;C:\apache-maven-3.9.11\bin;C:\Users\jangu\AppData\Local\Microsoft\WindowsApps;C:\Users\jangu\AppData\Local\Programs\Microsoft VS Code\bin;C:\Users\jangu\AppData\Local\Microsoft\WinGet\Packages\Schniz.fnm_Microsoft.Winget.Source_8wekyb3d8bbwe;C:\Users\jangu\AppData\Roaming\npm;C:\Users\jangu\AppData\Local\GitHubDesktop\bin;C:\Users\jangu\AppData\Local\SOOP;C:\Program Files\JetBrains\PyCharm 2024.3.4\bin;;C:\Users\jangu\miniconda3;C:\Users\jangu\miniconda3\Scripts;C:\Users\jangu\miniconda3\Library\bin;C:\Users\jangu\AppData\Local\Microsoft\WinGet\Links;C:\Users\jangu\AppData\Local\Programs\Ollama;C:\Users\jangu\AppData\Local\Ollama;C:\Program Files\JetBrains\IntelliJ IDEA 2025.2.4\bin;c:\Users\jangu\AppData\Roaming\Code\User\globalStorage\github.copilot-chat\debugCommand;."/>
    <property name="java.vm.info" value="mixed mode, sharing"/>
    <property name="java.vendor" value="Eclipse Adoptium"/>
    <property name="java.vm.version" value="17.0.16+8"/>
    <property name="java.specification.maintenance.version" value="1"/>
    <property name="sun.io.unicode.encoding" value="UnicodeLittle"/>
    <property name="java.class.version" value="61.0"/>
  </properties>
  <testcase name="testBoardSize" classname="com.example.game.component.GameLogicTest" time="0.003"/>
  <testcase name="testClearLinesSetup" classname="com.example.game.component.GameLogicTest" time="0.001"/>
  <testcase name="testBlockMovement" classname="com.example.game.component.GameLogicTest" time="0.0"/>
  <testcase name="testBlockRotation" classname="com.example.game.component.GameLogicTest" time="0.002"/>
  <testcase name="testInitialization" classname="com.example.game.component.GameLogicTest" time="0.001"/>
  <testcase name="testRandomBlockGeneration" classname="com.example.game.component.GameLogicTest" time="0.001"/>
  <testcase name="testGameReset" classname="com.example.game.component.GameLogicTest" time="0.001"/>
</testsuite>